<?xml version="1.0" encoding="UTF-8"?>
<!-- Generated by org.testng.reporters.JUnitXMLReporter -->
<testsuite ignored="0" hostname="Asiya" failures="0" tests="4" name="Test" time="29.508" errors="0" timestamp="2024-11-02T12:34:42 EDT">
  <testcase classname="io.cucumber.testng.AbstractTestNGCucumberTests" name="runScenario" time="10.395"/>
  <testcase classname="io.cucumber.testng.AbstractTestNGCucumberTests" name="runScenario" time="9.263"/>
  <testcase classname="io.cucumber.testng.AbstractTestNGCucumberTests" name="runScenario" time="9.624"/>
  <testcase classname="com.testRun.PBankRunner" name="setup3" time="0.0"/>
</testsuite> <!-- Test -->
