<?xml version="1.0" encoding="UTF-8"?>
<testng-results ignored="0" total="4" passed="4" failed="0" skipped="0">
  <reporter-output>
  </reporter-output>
  <suite started-at="2024-11-02T12:34:12 EDT" name="Suite" finished-at="2024-11-02T12:34:42 EDT" duration-ms="29508">
    <groups>
      <group name="cucumber">
        <method signature="AbstractTestNGCucumberTests.runScenario(io.cucumber.testng.PickleEventWrapper,io.cucumber.testng.CucumberFeatureWrapper)[pri:0, instance:com.testRun.PBankRunner@2c35e847]" name="runScenario" class="io.cucumber.testng.AbstractTestNGCucumberTests"/>
      </group> <!-- cucumber -->
    </groups>
    <test started-at="2024-11-02T12:34:12 EDT" name="Test" finished-at="2024-11-02T12:34:42 EDT" duration-ms="29508">
      <class name="com.testRun.PBankRunner">
        <test-method is-config="true" signature="setup2()[pri:0, instance:com.testRun.PBankRunner@2c35e847]" started-at="2024-11-02T12:34:12 EDT" name="setup2" finished-at="2024-11-02T12:34:12 EDT" duration-ms="9" status="PASS">
          <reporter-output>
          </reporter-output>
        </test-method> <!-- setup2 -->
        <test-method is-config="true" signature="setUpClass()[pri:0, instance:com.testRun.PBankRunner@2c35e847]" started-at="2024-11-02T12:34:12 EDT" name="setUpClass" finished-at="2024-11-02T12:34:13 EDT" duration-ms="81" status="PASS">
          <reporter-output>
          </reporter-output>
        </test-method> <!-- setUpClass -->
        <test-method signature="runScenario(io.cucumber.testng.PickleEventWrapper,io.cucumber.testng.CucumberFeatureWrapper)[pri:0, instance:com.testRun.PBankRunner@2c35e847]" started-at="2024-11-02T12:34:13 EDT" name="runScenario" description="Runs Cucumber Scenarios" data-provider="scenarios" finished-at="2024-11-02T12:34:23 EDT" duration-ms="10395" status="PASS">
          <params>
            <param index="0">
              <value>
                <![CDATA["as a Parabank user successful login with valid credential"]]>
              </value>
            </param>
            <param index="1">
              <value>
                <![CDATA["Log in Functionality test"]]>
              </value>
            </param>
          </params>
          <reporter-output>
          </reporter-output>
        </test-method> <!-- runScenario -->
        <test-method signature="runScenario(io.cucumber.testng.PickleEventWrapper,io.cucumber.testng.CucumberFeatureWrapper)[pri:0, instance:com.testRun.PBankRunner@2c35e847]" started-at="2024-11-02T12:34:23 EDT" name="runScenario" description="Runs Cucumber Scenarios" data-provider="scenarios" finished-at="2024-11-02T12:34:32 EDT" duration-ms="9263" status="PASS">
          <params>
            <param index="0">
              <value>
                <![CDATA["as a Parabank user login should fail with invalid credential"]]>
              </value>
            </param>
            <param index="1">
              <value>
                <![CDATA["Log in Functionality test"]]>
              </value>
            </param>
          </params>
          <reporter-output>
          </reporter-output>
        </test-method> <!-- runScenario -->
        <test-method signature="runScenario(io.cucumber.testng.PickleEventWrapper,io.cucumber.testng.CucumberFeatureWrapper)[pri:0, instance:com.testRun.PBankRunner@2c35e847]" started-at="2024-11-02T12:34:32 EDT" name="runScenario" description="Runs Cucumber Scenarios" data-provider="scenarios" finished-at="2024-11-02T12:34:42 EDT" duration-ms="9624" status="PASS">
          <params>
            <param index="0">
              <value>
                <![CDATA["as a Parabank user successful login with valid credential"]]>
              </value>
            </param>
            <param index="1">
              <value>
                <![CDATA["Log in Functionality test"]]>
              </value>
            </param>
          </params>
          <reporter-output>
          </reporter-output>
        </test-method> <!-- runScenario -->
        <test-method signature="setup3()[pri:0, instance:com.testRun.PBankRunner@2c35e847]" started-at="2024-11-02T12:34:42 EDT" name="setup3" finished-at="2024-11-02T12:34:42 EDT" duration-ms="0" status="PASS">
          <reporter-output>
          </reporter-output>
        </test-method> <!-- setup3 -->
        <test-method is-config="true" signature="tearDownClass()[pri:0, instance:com.testRun.PBankRunner@2c35e847]" started-at="2024-11-02T12:34:42 EDT" name="tearDownClass" finished-at="2024-11-02T12:34:42 EDT" duration-ms="42" status="PASS">
          <reporter-output>
          </reporter-output>
        </test-method> <!-- tearDownClass -->
        <test-method is-config="true" signature="setup4()[pri:0, instance:com.testRun.PBankRunner@2c35e847]" started-at="2024-11-02T12:34:42 EDT" name="setup4" finished-at="2024-11-02T12:34:42 EDT" duration-ms="1" status="PASS">
          <reporter-output>
          </reporter-output>
        </test-method> <!-- setup4 -->
      </class> <!-- com.testRun.PBankRunner -->
    </test> <!-- Test -->
  </suite> <!-- Suite -->
</testng-results>
