[
  {
    "line": 2,
    "elements": [
      {
        "line": 4,
        "name": "",
        "description": "",
        "type": "background",
        "keyword": "Background",
        "steps": [
          {
            "result": {
              "duration": 7015066300,
              "status": "passed"
            },
            "line": 5,
            "name": "open browser",
            "match": {
              "location": "StepDef.open_browser()"
            },
            "keyword": "Given "
          },
          {
            "result": {
              "duration": 1333647100,
              "status": "passed"
            },
            "line": 6,
            "name": "go to application login page",
            "match": {
              "location": "StepDef.go_to_application_login_page()"
            },
            "keyword": "And "
          }
        ]
      },
      {
        "start_timestamp": "2024-12-15T19:20:23.265Z",
        "line": 9,
        "name": "as a Parabank user successful login with valid credential",
        "description": "",
        "id": "log-in-functionality-test;as-a-parabank-user-successful-login-with-valid-credential",
        "type": "scenario",
        "keyword": "Scenario",
        "steps": [
          {
            "result": {
              "duration": 177672600,
              "status": "passed"
            },
            "line": 11,
            "name": "put valid user name",
            "match": {
              "location": "StepDef.put_valid_user_name()"
            },
            "keyword": "When "
          },
          {
            "result": {
              "duration": 294207700,
              "status": "passed"
            },
            "line": 12,
            "name": "enter valid password",
            "match": {
              "location": "StepDef.enter_valid_password()"
            },
            "keyword": "And "
          },
          {
            "result": {
              "duration": 523829800,
              "status": "passed"
            },
            "line": 13,
            "name": "click login button",
            "match": {
              "location": "StepDef.click_login_button()"
            },
            "keyword": "And "
          },
          {
            "result": {
              "error_message": "org.openqa.selenium.NoSuchElementException: no such element: Unable to locate element: {\"method\":\"xpath\",\"selector\":\"//*[text()\u003d\u0027Log Out\u0027]\"}\n  (Session info: chrome\u003d131.0.6778.140)\nFor documentation on this error, please visit: https://www.selenium.dev/documentation/webdriver/troubleshooting/errors#no-such-element-exception\nBuild info: version: \u00274.25.0\u0027, revision: \u00278a8aea2337\u0027\nSystem info: os.name: \u0027Windows 11\u0027, os.arch: \u0027amd64\u0027, os.version: \u002710.0\u0027, java.version: \u002717.0.10\u0027\nDriver info: org.openqa.selenium.chrome.ChromeDriver\nCommand: [b0421101e812d19cbd2a50948fb81159, findElement {value\u003d//*[text()\u003d\u0027Log Out\u0027], using\u003dxpath}]\nCapabilities {acceptInsecureCerts: false, browserName: chrome, browserVersion: 131.0.6778.140, chrome: {chromedriverVersion: 131.0.6778.108 (3b014839fbc..., userDataDir: C:\\Users\\asiya\\AppData\\Loca...}, fedcm:accounts: true, goog:chromeOptions: {debuggerAddress: localhost:61056}, networkConnectionEnabled: false, pageLoadStrategy: normal, platformName: windows, proxy: Proxy(), se:cdp: ws://localhost:61056/devtoo..., se:cdpVersion: 131.0.6778.140, setWindowRect: true, strictFileInteractability: false, timeouts: {implicit: 0, pageLoad: 300000, script: 30000}, unhandledPromptBehavior: dismiss and notify, webauthn:extension:credBlob: true, webauthn:extension:largeBlob: true, webauthn:extension:minPinLength: true, webauthn:extension:prf: true, webauthn:virtualAuthenticators: true}\nSession ID: b0421101e812d19cbd2a50948fb81159\r\n\tat java.base/jdk.internal.reflect.NativeConstructorAccessorImpl.newInstance0(Native Method)\r\n\tat java.base/jdk.internal.reflect.NativeConstructorAccessorImpl.newInstance(NativeConstructorAccessorImpl.java:77)\r\n\tat java.base/jdk.internal.reflect.DelegatingConstructorAccessorImpl.newInstance(DelegatingConstructorAccessorImpl.java:45)\r\n\tat java.base/java.lang.reflect.Constructor.newInstanceWithCaller(Constructor.java:499)\r\n\tat java.base/java.lang.reflect.Constructor.newInstance(Constructor.java:480)\r\n\tat org.openqa.selenium.remote.ErrorCodec.decode(ErrorCodec.java:167)\r\n\tat org.openqa.selenium.remote.codec.w3c.W3CHttpResponseCodec.decode(W3CHttpResponseCodec.java:138)\r\n\tat org.openqa.selenium.remote.codec.w3c.W3CHttpResponseCodec.decode(W3CHttpResponseCodec.java:50)\r\n\tat org.openqa.selenium.remote.HttpCommandExecutor.execute(HttpCommandExecutor.java:190)\r\n\tat org.openqa.selenium.remote.service.DriverCommandExecutor.invokeExecute(DriverCommandExecutor.java:216)\r\n\tat org.openqa.selenium.remote.service.DriverCommandExecutor.execute(DriverCommandExecutor.java:174)\r\n\tat org.openqa.selenium.remote.RemoteWebDriver.execute(RemoteWebDriver.java:545)\r\n\tat org.openqa.selenium.remote.ElementLocation$ElementFinder$2.findElement(ElementLocation.java:165)\r\n\tat org.openqa.selenium.remote.ElementLocation.findElement(ElementLocation.java:59)\r\n\tat org.openqa.selenium.remote.RemoteWebDriver.findElement(RemoteWebDriver.java:368)\r\n\tat org.openqa.selenium.remote.RemoteWebDriver.findElement(RemoteWebDriver.java:362)\r\n\tat org.openqa.selenium.support.pagefactory.DefaultElementLocator.findElement(DefaultElementLocator.java:68)\r\n\tat org.openqa.selenium.support.pagefactory.internal.LocatingElementHandler.invoke(LocatingElementHandler.java:38)\r\n\tat jdk.proxy2/jdk.proxy2.$Proxy24.isDisplayed(Unknown Source)\r\n\tat com.generic.StepDef.successfull_login_and_logout_button_should_visible(StepDef.java:52)\r\n\tat ✽.successfull login and logout button should visible(file:src/main/resources/paraBankLogin.feature:14)\r\n",
              "duration": 43562300,
              "status": "failed"
            },
            "line": 14,
            "name": "successfull login and logout button should visible",
            "match": {
              "location": "StepDef.successfull_login_and_logout_button_should_visible()"
            },
            "keyword": "Then "
          }
        ],
        "tags": [
          {
            "name": "@Smoke"
          },
          {
            "name": "@Regression"
          },
          {
            "name": "@Functional"
          },
          {
            "name": "@Positive"
          },
          {
            "name": "@TC_BOL01"
          }
        ]
      },
      {
        "line": 4,
        "name": "",
        "description": "",
        "type": "background",
        "keyword": "Background",
        "steps": [
          {
            "result": {
              "duration": 4532321900,
              "status": "passed"
            },
            "line": 5,
            "name": "open browser",
            "match": {
              "location": "StepDef.open_browser()"
            },
            "keyword": "Given "
          },
          {
            "result": {
              "duration": 1140104600,
              "status": "passed"
            },
            "line": 6,
            "name": "go to application login page",
            "match": {
              "location": "StepDef.go_to_application_login_page()"
            },
            "keyword": "And "
          }
        ]
      },
      {
        "start_timestamp": "2024-12-15T19:20:32.673Z",
        "line": 18,
        "name": "as a Parabank user login should fail with invalid credential",
        "description": "",
        "id": "log-in-functionality-test;as-a-parabank-user-login-should-fail-with-invalid-credential",
        "type": "scenario",
        "keyword": "Scenario",
        "steps": [
          {
            "result": {
              "duration": 158214800,
              "status": "passed"
            },
            "line": 20,
            "name": "put invalid user name",
            "match": {
              "location": "StepDef.put_invalid_user_name()"
            },
            "keyword": "When "
          },
          {
            "result": {
              "duration": 189659000,
              "status": "passed"
            },
            "line": 21,
            "name": "enter invalid password",
            "match": {
              "location": "StepDef.enter_invalid_password()"
            },
            "keyword": "And "
          },
          {
            "result": {
              "duration": 407062500,
              "status": "passed"
            },
            "line": 22,
            "name": "click login button",
            "match": {
              "location": "StepDef.click_login_button()"
            },
            "keyword": "And "
          },
          {
            "result": {
              "duration": 3275351000,
              "status": "passed"
            },
            "line": 23,
            "name": "login fail and error msg An internal error has pccured and has been logged",
            "match": {
              "location": "StepDef.login_fail_and_error_msg_An_internal_error_has_pccured_and_has_been_logged()"
            },
            "keyword": "Then "
          }
        ],
        "tags": [
          {
            "name": "@Smoke"
          },
          {
            "name": "@Regression"
          },
          {
            "name": "@Functional"
          },
          {
            "name": "@Negative"
          },
          {
            "name": "@TC_BOL02"
          }
        ]
      },
      {
        "line": 4,
        "name": "",
        "description": "",
        "type": "background",
        "keyword": "Background",
        "steps": [
          {
            "result": {
              "error_message": "org.openqa.selenium.NoSuchWindowException: no such window: target window already closed\nfrom unknown error: web view not found\n  (Session info: chrome\u003d131.0.6778.140)\nBuild info: version: \u00274.25.0\u0027, revision: \u00278a8aea2337\u0027\nSystem info: os.name: \u0027Windows 11\u0027, os.arch: \u0027amd64\u0027, os.version: \u002710.0\u0027, java.version: \u002717.0.10\u0027\nDriver info: org.openqa.selenium.chrome.ChromeDriver\nCommand: [c45a1360ab4d40fd6ba0a5b28ed29191, maximizeCurrentWindow {}]\nCapabilities {acceptInsecureCerts: false, browserName: chrome, browserVersion: 131.0.6778.140, chrome: {chromedriverVersion: 131.0.6778.108 (3b014839fbc..., userDataDir: C:\\Users\\asiya\\AppData\\Loca...}, fedcm:accounts: true, goog:chromeOptions: {debuggerAddress: localhost:61098}, networkConnectionEnabled: false, pageLoadStrategy: normal, platformName: windows, proxy: Proxy(), se:cdp: ws://localhost:61098/devtoo..., se:cdpVersion: 131.0.6778.140, setWindowRect: true, strictFileInteractability: false, timeouts: {implicit: 0, pageLoad: 300000, script: 30000}, unhandledPromptBehavior: dismiss and notify, webauthn:extension:credBlob: true, webauthn:extension:largeBlob: true, webauthn:extension:minPinLength: true, webauthn:extension:prf: true, webauthn:virtualAuthenticators: true}\nSession ID: c45a1360ab4d40fd6ba0a5b28ed29191\r\n\tat java.base/jdk.internal.reflect.NativeConstructorAccessorImpl.newInstance0(Native Method)\r\n\tat java.base/jdk.internal.reflect.NativeConstructorAccessorImpl.newInstance(NativeConstructorAccessorImpl.java:77)\r\n\tat java.base/jdk.internal.reflect.DelegatingConstructorAccessorImpl.newInstance(DelegatingConstructorAccessorImpl.java:45)\r\n\tat java.base/java.lang.reflect.Constructor.newInstanceWithCaller(Constructor.java:499)\r\n\tat java.base/java.lang.reflect.Constructor.newInstance(Constructor.java:480)\r\n\tat org.openqa.selenium.remote.ErrorCodec.decode(ErrorCodec.java:167)\r\n\tat org.openqa.selenium.remote.codec.w3c.W3CHttpResponseCodec.decode(W3CHttpResponseCodec.java:138)\r\n\tat org.openqa.selenium.remote.codec.w3c.W3CHttpResponseCodec.decode(W3CHttpResponseCodec.java:50)\r\n\tat org.openqa.selenium.remote.HttpCommandExecutor.execute(HttpCommandExecutor.java:190)\r\n\tat org.openqa.selenium.remote.service.DriverCommandExecutor.invokeExecute(DriverCommandExecutor.java:216)\r\n\tat org.openqa.selenium.remote.service.DriverCommandExecutor.execute(DriverCommandExecutor.java:174)\r\n\tat org.openqa.selenium.remote.RemoteWebDriver.execute(RemoteWebDriver.java:545)\r\n\tat org.openqa.selenium.remote.RemoteWebDriver.execute(RemoteWebDriver.java:618)\r\n\tat org.openqa.selenium.remote.RemoteWebDriver.execute(RemoteWebDriver.java:622)\r\n\tat org.openqa.selenium.remote.RemoteWebDriver$RemoteWebDriverOptions$RemoteWindow.maximize(RemoteWebDriver.java:1061)\r\n\tat com.generic.StepDef.open_browser(StepDef.java:21)\r\n\tat ✽.open browser(file:src/main/resources/paraBankLogin.feature:5)\r\n",
              "duration": 4538771100,
              "status": "failed"
            },
            "line": 5,
            "name": "open browser",
            "match": {
              "location": "StepDef.open_browser()"
            },
            "keyword": "Given "
          },
          {
            "result": {
              "duration": 20600,
              "status": "skipped"
            },
            "line": 6,
            "name": "go to application login page",
            "match": {
              "location": "StepDef.go_to_application_login_page()"
            },
            "keyword": "And "
          }
        ]
      },
      {
        "start_timestamp": "2024-12-15T19:20:42.380Z",
        "line": 26,
        "name": "as a Parabank user successful login with valid credential",
        "description": "",
        "id": "log-in-functionality-test;as-a-parabank-user-successful-login-with-valid-credential",
        "type": "scenario",
        "keyword": "Scenario",
        "steps": [
          {
            "result": {
              "duration": 3600,
              "status": "skipped"
            },
            "line": 28,
            "name": "put null user name",
            "match": {
              "location": "StepDef.put_null_user_name()"
            },
            "keyword": "When "
          },
          {
            "result": {
              "duration": 2900,
              "status": "skipped"
            },
            "line": 29,
            "name": "enter null password",
            "match": {
              "location": "StepDef.enter_null_password()"
            },
            "keyword": "And "
          },
          {
            "result": {
              "duration": 2700,
              "status": "skipped"
            },
            "line": 30,
            "name": "click login button",
            "match": {
              "location": "StepDef.click_login_button()"
            },
            "keyword": "And "
          },
          {
            "result": {
              "duration": 2700,
              "status": "skipped"
            },
            "line": 31,
            "name": "login fail and error msg show Please enter a username and password",
            "match": {
              "location": "StepDef.login_fail_and_error_msg_show_Please_enter_a_username_and_password()"
            },
            "keyword": "Then "
          }
        ],
        "tags": [
          {
            "name": "@Smoke"
          },
          {
            "name": "@Regression"
          },
          {
            "name": "@Functional"
          },
          {
            "name": "@Negative"
          },
          {
            "name": "@TC_BOL03"
          }
        ]
      }
    ],
    "name": "Log in Functionality test",
    "description": "",
    "id": "log-in-functionality-test",
    "keyword": "Feature",
    "uri": "file:src/main/resources/paraBankLogin.feature",
    "tags": [
      {
        "name": "@Smoke",
        "type": "Tag",
        "location": {
          "line": 1,
          "column": 1
        }
      },
      {
        "name": "@Regression",
        "type": "Tag",
        "location": {
          "line": 1,
          "column": 8
        }
      },
      {
        "name": "@Functional",
        "type": "Tag",
        "location": {
          "line": 1,
          "column": 20
        }
      }
    ]
  }
]